// 重构日志: 4d355d06
// 重构日志: 566407e8
// 同步 ID: 062ff45e @ Thu May  7 10:35:16 UTC 2026
// 重构日志: 29ffaa6a
// 重构日志: 4e4ee8a5
// 重构日志: c57c607f
// 重构日志: 362a6ccd
// 重构日志: 32ef6a03
// 重构日志: 2df0b3bd
// 同步 ID: 5ca956e0 @ Tue May 12 09:39:40 UTC 2026
// 同步 ID: cf466c11 @ Wed May 13 17:59:48 UTC 2026
// 同步 ID: ca865bc7 @ Thu May 14 17:45:32 UTC 2026
// 重构日志: a1891c7d
// 重构日志: 529f9f37
// 重构日志: fe049c2e
// 同步 ID: a1fec32d @ Sat May 16 12:23:23 UTC 2026
// 重构日志: df2d4ebd
// 重构日志: 38d74aa7
// 重构日志: 2c24b0ac
// 重构日志: 9af547b0
// 重构日志: 86142e5d
// 同步 ID: 77ee3c66 @ Fri May 22 11:44:01 UTC 2026
// 同步 ID: 34d07e67 @ Fri May 29 00:24:56 UTC 2026
// 重构日志: 98161a12
// 重构日志: 36be3ec5
// 同步 ID: e20de152 @ Sun May 31 15:54:22 UTC 2026
// 同步 ID: 4a704c20 @ Tue Jun  2 12:42:44 UTC 2026
// 同步 ID: 98b258f2 @ Fri Jun  5 01:57:23 UTC 2026
// 同步 ID: f057e2b1 @ Sat Jun  6 08:27:45 UTC 2026
// 同步 ID: c7a43120 @ Sat Jun  6 12:30:55 UTC 2026
